<?xml version="1.0" encoding="UTF-8"?>
<!-- Generated by org.testng.reporters.JUnitXMLReporter -->
<testsuite ignored="2" hostname="saini-PC" failures="0" tests="3" name="Btes" time="5.597" errors="0" timestamp="2021-08-26T13:01:55 IST">
  <testcase classname="TestngFramework.HomePage" name="form" time="3.594"/>
  <testcase classname="TestngFramework.HomePage" name="logo" time="0.231"/>
  <testcase classname="TestngFramework.HomePage" name="register" time="1.725"/>
  <testcase classname="TestngFramework.LaunchBrowser" name="@AfterSuite close" time="0.0">
    <ignored/>
  </testcase> <!-- @AfterSuite close -->
  <testcase classname="TestngFramework.LaunchBrowser" name="@BeforeSuite setup" time="0.0">
    <ignored/>
  </testcase> <!-- @BeforeSuite setup -->
</testsuite> <!-- Btes -->
