<?xml version="1.0" encoding="UTF-8"?>
<!-- Generated by org.testng.reporters.JUnitXMLReporter -->
<testsuite ignored="1" hostname="saini-PC" failures="1" tests="1" name="Btes_course" time="0.068" errors="0" timestamp="2021-08-26T12:35:29 IST">
  <testcase classname="TestngFramework.ParametersContactUs" name="contactForm" time="0.005">
    <failure type="java.lang.NullPointerException" message="Cannot invoke &amp;quot;org.openqa.selenium.WebDriver.findElement(org.openqa.selenium.By)&amp;quot; because &amp;quot;this.driver&amp;quot; is null">
      <![CDATA[java.lang.NullPointerException: Cannot invoke "org.openqa.selenium.WebDriver.findElement(org.openqa.selenium.By)" because "this.driver" is null
at TestngFramework.ParametersContactUs.contactForm(ParametersContactUs.java:32)
at java.base/java.util.ArrayList.forEach(ArrayList.java:1511)
... Removed 27 stack frames]]>
    </failure>
  </testcase> <!-- contactForm -->
  <testcase classname="TestngFramework.ParametersContactUs" name="contact" time="0.0">
    <ignored/>
  </testcase> <!-- contact -->
</testsuite> <!-- Btes_course -->
