<?xml version="1.0" encoding="UTF-8"?>
<!-- Generated by org.testng.reporters.JUnitXMLReporter -->
<testsuite ignored="1" hostname="saini-PC" failures="0" tests="2" name="Btes1" time="15.081" errors="0" timestamp="2021-08-26T13:02:10 IST">
  <testcase classname="TestngFramework.Groups" name="contact" time="12.362"/>
  <testcase classname="TestngFramework.Groups" name="register" time="2.7"/>
  <testcase classname="TestngFramework.Groups" name="logo" time="0.0">
    <ignored/>
  </testcase> <!-- logo -->
</testsuite> <!-- Btes1 -->
